	 Running on draco4 

sex jun 14 19:46:03 -03 2019


 NAS Parallel Benchmarks (NPB3.4-OMP) - IS Benchmark

 Size:  8388608  (class A)
 Iterations:  10
 Number of available threads:  1


   iteration
        1
        2
        3
        4
        5
        6
        7
        8
        9
        10


 IS Benchmark Completed
 Class           =                        A
 Size            =                  8388608
 Iterations      =                       10
 Time in seconds =                     1.05
 Total threads   =                        1
 Avail threads   =                        1
 Mop/s total     =                    79.54
 Mop/s/thread    =                    79.54
 Operation type  =              keys ranked
 Verification    =               SUCCESSFUL
 Version         =                      3.4
 Compile date    =              14 Jun 2019

 Compile options:
    CC           = gcc
    CLINK        = $(CC)
    C_LIB        = -lm
    C_INC        = (none)
    CFLAGS       = -O3 -fopenmp
    CLINKFLAGS   = $(CFLAGS)


 Please send all errors/feedbacks to:

 NPB Development Team
 npb@nas.nasa.gov


Tempo de execucao em segundos: 2.44588
Energia consumida em Joules:   142.86957


 NAS Parallel Benchmarks (NPB3.4-OMP) - IS Benchmark

 Size:  8388608  (class A)
 Iterations:  10
 Number of available threads:  2


   iteration
        1
        2
        3
        4
        5
        6
        7
        8
        9
        10


 IS Benchmark Completed
 Class           =                        A
 Size            =                  8388608
 Iterations      =                       10
 Time in seconds =                     0.68
 Total threads   =                        2
 Avail threads   =                        2
 Mop/s total     =                   124.15
 Mop/s/thread    =                    62.07
 Operation type  =              keys ranked
 Verification    =               SUCCESSFUL
 Version         =                      3.4
 Compile date    =              14 Jun 2019

 Compile options:
    CC           = gcc
    CLINK        = $(CC)
    C_LIB        = -lm
    C_INC        = (none)
    CFLAGS       = -O3 -fopenmp
    CLINKFLAGS   = $(CFLAGS)


 Please send all errors/feedbacks to:

 NPB Development Team
 npb@nas.nasa.gov


Tempo de execucao em segundos: 2.78555
Energia consumida em Joules:   97.98083


 NAS Parallel Benchmarks (NPB3.4-OMP) - IS Benchmark

 Size:  8388608  (class A)
 Iterations:  10
 Number of available threads:  4


   iteration
        1
        2
        3
        4
        5
        6
        7
        8
        9
        10


 IS Benchmark Completed
 Class           =                        A
 Size            =                  8388608
 Iterations      =                       10
 Time in seconds =                     0.34
 Total threads   =                        4
 Avail threads   =                        4
 Mop/s total     =                   248.52
 Mop/s/thread    =                    62.13
 Operation type  =              keys ranked
 Verification    =               SUCCESSFUL
 Version         =                      3.4
 Compile date    =              14 Jun 2019

 Compile options:
    CC           = gcc
    CLINK        = $(CC)
    C_LIB        = -lm
    C_INC        = (none)
    CFLAGS       = -O3 -fopenmp
    CLINKFLAGS   = $(CFLAGS)


 Please send all errors/feedbacks to:

 NPB Development Team
 npb@nas.nasa.gov


Tempo de execucao em segundos: 2.85268
Energia consumida em Joules:   54.84587


 NAS Parallel Benchmarks (NPB3.4-OMP) - IS Benchmark

 Size:  8388608  (class A)
 Iterations:  10
 Number of available threads:  8


   iteration
        1
        2
        3
        4
        5
        6
        7
        8
        9
        10


 IS Benchmark Completed
 Class           =                        A
 Size            =                  8388608
 Iterations      =                       10
 Time in seconds =                     0.18
 Total threads   =                        8
 Avail threads   =                        8
 Mop/s total     =                   462.66
 Mop/s/thread    =                    57.83
 Operation type  =              keys ranked
 Verification    =               SUCCESSFUL
 Version         =                      3.4
 Compile date    =              14 Jun 2019

 Compile options:
    CC           = gcc
    CLINK        = $(CC)
    C_LIB        = -lm
    C_INC        = (none)
    CFLAGS       = -O3 -fopenmp
    CLINKFLAGS   = $(CFLAGS)


 Please send all errors/feedbacks to:

 NPB Development Team
 npb@nas.nasa.gov


Tempo de execucao em segundos: 3.02851
Energia consumida em Joules:   34.51192


 NAS Parallel Benchmarks (NPB3.4-OMP) - IS Benchmark

 Size:  8388608  (class A)
 Iterations:  10
 Number of available threads:  16


   iteration
        1
        2
        3
        4
        5
        6
        7
        8
        9
        10


 IS Benchmark Completed
 Class           =                        A
 Size            =                  8388608
 Iterations      =                       10
 Time in seconds =                     0.10
 Total threads   =                       16
 Avail threads   =                       16
 Mop/s total     =                   864.58
 Mop/s/thread    =                    54.04
 Operation type  =              keys ranked
 Verification    =               SUCCESSFUL
 Version         =                      3.4
 Compile date    =              14 Jun 2019

 Compile options:
    CC           = gcc
    CLINK        = $(CC)
    C_LIB        = -lm
    C_INC        = (none)
    CFLAGS       = -O3 -fopenmp
    CLINKFLAGS   = $(CFLAGS)


 Please send all errors/feedbacks to:

 NPB Development Team
 npb@nas.nasa.gov


Tempo de execucao em segundos: 3.13667
Energia consumida em Joules:   24.53325


 NAS Parallel Benchmarks (NPB3.4-OMP) - IS Benchmark

 Size:  8388608  (class A)
 Iterations:  10
 Number of available threads:  32


   iteration
        1
        2
        3
        4
        5
        6
        7
        8
        9
        10


 IS Benchmark Completed
 Class           =                        A
 Size            =                  8388608
 Iterations      =                       10
 Time in seconds =                     0.08
 Total threads   =                       32
 Avail threads   =                       32
 Mop/s total     =                  1067.20
 Mop/s/thread    =                    33.35
 Operation type  =              keys ranked
 Verification    =               SUCCESSFUL
 Version         =                      3.4
 Compile date    =              14 Jun 2019

 Compile options:
    CC           = gcc
    CLINK        = $(CC)
    C_LIB        = -lm
    C_INC        = (none)
    CFLAGS       = -O3 -fopenmp
    CLINKFLAGS   = $(CFLAGS)


 Please send all errors/feedbacks to:

 NPB Development Team
 npb@nas.nasa.gov


Tempo de execucao em segundos: 4.35490
Energia consumida em Joules:   18.36953
sex jun 14 19:46:08 -03 2019
