	 Running on draco1 

sex jun 14 19:49:26 -03 2019


 NAS Parallel Benchmarks (NPB3.4-OMP) - IS Benchmark

 Size:  33554432  (class B)
 Iterations:  10
 Number of available threads:  1


   iteration
        1
        2
        3
        4
        5
        6
        7
        8
        9
        10


 IS Benchmark Completed
 Class           =                        B
 Size            =                 33554432
 Iterations      =                       10
 Time in seconds =                     4.26
 Total threads   =                        1
 Avail threads   =                        1
 Mop/s total     =                    78.81
 Mop/s/thread    =                    78.81
 Operation type  =              keys ranked
 Verification    =               SUCCESSFUL
 Version         =                      3.4
 Compile date    =              14 Jun 2019

 Compile options:
    CC           = gcc
    CLINK        = $(CC)
    C_LIB        = -lm
    C_INC        = (none)
    CFLAGS       = -O3 -fopenmp
    CLINKFLAGS   = $(CFLAGS)


 Please send all errors/feedbacks to:

 NPB Development Team
 npb@nas.nasa.gov


Tempo de execucao em segundos: 9.99196
Energia consumida em Joules:   522.53149


 NAS Parallel Benchmarks (NPB3.4-OMP) - IS Benchmark

 Size:  33554432  (class B)
 Iterations:  10
 Number of available threads:  2


   iteration
        1
        2
        3
        4
        5
        6
        7
        8
        9
        10


 IS Benchmark Completed
 Class           =                        B
 Size            =                 33554432
 Iterations      =                       10
 Time in seconds =                     2.53
 Total threads   =                        2
 Avail threads   =                        2
 Mop/s total     =                   132.38
 Mop/s/thread    =                    66.19
 Operation type  =              keys ranked
 Verification    =               SUCCESSFUL
 Version         =                      3.4
 Compile date    =              14 Jun 2019

 Compile options:
    CC           = gcc
    CLINK        = $(CC)
    C_LIB        = -lm
    C_INC        = (none)
    CFLAGS       = -O3 -fopenmp
    CLINKFLAGS   = $(CFLAGS)


 Please send all errors/feedbacks to:

 NPB Development Team
 npb@nas.nasa.gov


Tempo de execucao em segundos: 10.96515
Energia consumida em Joules:   350.24345


 NAS Parallel Benchmarks (NPB3.4-OMP) - IS Benchmark

 Size:  33554432  (class B)
 Iterations:  10
 Number of available threads:  4


   iteration
        1
        2
        3
        4
        5
        6
        7
        8
        9
        10


 IS Benchmark Completed
 Class           =                        B
 Size            =                 33554432
 Iterations      =                       10
 Time in seconds =                     1.34
 Total threads   =                        4
 Avail threads   =                        4
 Mop/s total     =                   249.95
 Mop/s/thread    =                    62.49
 Operation type  =              keys ranked
 Verification    =               SUCCESSFUL
 Version         =                      3.4
 Compile date    =              14 Jun 2019

 Compile options:
    CC           = gcc
    CLINK        = $(CC)
    C_LIB        = -lm
    C_INC        = (none)
    CFLAGS       = -O3 -fopenmp
    CLINKFLAGS   = $(CFLAGS)


 Please send all errors/feedbacks to:

 NPB Development Team
 npb@nas.nasa.gov


Tempo de execucao em segundos: 11.57877
Energia consumida em Joules:   199.70165


 NAS Parallel Benchmarks (NPB3.4-OMP) - IS Benchmark

 Size:  33554432  (class B)
 Iterations:  10
 Number of available threads:  8


   iteration
        1
        2
        3
        4
        5
        6
        7
        8
        9
        10


 IS Benchmark Completed
 Class           =                        B
 Size            =                 33554432
 Iterations      =                       10
 Time in seconds =                     0.74
 Total threads   =                        8
 Avail threads   =                        8
 Mop/s total     =                   452.59
 Mop/s/thread    =                    56.57
 Operation type  =              keys ranked
 Verification    =               SUCCESSFUL
 Version         =                      3.4
 Compile date    =              14 Jun 2019

 Compile options:
    CC           = gcc
    CLINK        = $(CC)
    C_LIB        = -lm
    C_INC        = (none)
    CFLAGS       = -O3 -fopenmp
    CLINKFLAGS   = $(CFLAGS)


 Please send all errors/feedbacks to:

 NPB Development Team
 npb@nas.nasa.gov


Tempo de execucao em segundos: 12.34303
Energia consumida em Joules:   124.01258


 NAS Parallel Benchmarks (NPB3.4-OMP) - IS Benchmark

 Size:  33554432  (class B)
 Iterations:  10
 Number of available threads:  16


   iteration
        1
        2
        3
        4
        5
        6
        7
        8
        9
        10


 IS Benchmark Completed
 Class           =                        B
 Size            =                 33554432
 Iterations      =                       10
 Time in seconds =                     0.40
 Total threads   =                       16
 Avail threads   =                       16
 Mop/s total     =                   847.00
 Mop/s/thread    =                    52.94
 Operation type  =              keys ranked
 Verification    =               SUCCESSFUL
 Version         =                      3.4
 Compile date    =              14 Jun 2019

 Compile options:
    CC           = gcc
    CLINK        = $(CC)
    C_LIB        = -lm
    C_INC        = (none)
    CFLAGS       = -O3 -fopenmp
    CLINKFLAGS   = $(CFLAGS)


 Please send all errors/feedbacks to:

 NPB Development Team
 npb@nas.nasa.gov


Tempo de execucao em segundos: 12.93747
Energia consumida em Joules:   85.47754


 NAS Parallel Benchmarks (NPB3.4-OMP) - IS Benchmark

 Size:  33554432  (class B)
 Iterations:  10
 Number of available threads:  32


   iteration
        1
        2
        3
        4
        5
        6
        7
        8
        9
        10


 IS Benchmark Completed
 Class           =                        B
 Size            =                 33554432
 Iterations      =                       10
 Time in seconds =                     0.34
 Total threads   =                       32
 Avail threads   =                       32
 Mop/s total     =                  1001.38
 Mop/s/thread    =                    31.29
 Operation type  =              keys ranked
 Verification    =               SUCCESSFUL
 Version         =                      3.4
 Compile date    =              14 Jun 2019

 Compile options:
    CC           = gcc
    CLINK        = $(CC)
    C_LIB        = -lm
    C_INC        = (none)
    CFLAGS       = -O3 -fopenmp
    CLINKFLAGS   = $(CFLAGS)


 Please send all errors/feedbacks to:

 NPB Development Team
 npb@nas.nasa.gov


Tempo de execucao em segundos: 18.25553
Energia consumida em Joules:   65.10637
sex jun 14 19:49:47 -03 2019
