	 Running on draco3 

sex jun 14 19:55:22 -03 2019


 NAS Parallel Benchmarks (NPB3.4-OMP) - IS Benchmark

 Size:  33554432  (class B)
 Iterations:  10
 Number of available threads:  1


   iteration
        1
        2
        3
        4
        5
        6
        7
        8
        9
        10


 IS Benchmark Completed
 Class           =                        B
 Size            =                 33554432
 Iterations      =                       10
 Time in seconds =                     4.24
 Total threads   =                        1
 Avail threads   =                        1
 Mop/s total     =                    79.14
 Mop/s/thread    =                    79.14
 Operation type  =              keys ranked
 Verification    =               SUCCESSFUL
 Version         =                      3.4
 Compile date    =              14 Jun 2019

 Compile options:
    CC           = gcc
    CLINK        = $(CC)
    C_LIB        = -lm
    C_INC        = (none)
    CFLAGS       = -O3 -fopenmp
    CLINKFLAGS   = $(CFLAGS)


 Please send all errors/feedbacks to:

 NPB Development Team
 npb@nas.nasa.gov


Tempo de execucao em segundos: 9.96115
Energia consumida em Joules:   510.98091


 NAS Parallel Benchmarks (NPB3.4-OMP) - IS Benchmark

 Size:  33554432  (class B)
 Iterations:  10
 Number of available threads:  2


   iteration
        1
        2
        3
        4
        5
        6
        7
        8
        9
        10


 IS Benchmark Completed
 Class           =                        B
 Size            =                 33554432
 Iterations      =                       10
 Time in seconds =                     2.53
 Total threads   =                        2
 Avail threads   =                        2
 Mop/s total     =                   132.53
 Mop/s/thread    =                    66.26
 Operation type  =              keys ranked
 Verification    =               SUCCESSFUL
 Version         =                      3.4
 Compile date    =              14 Jun 2019

 Compile options:
    CC           = gcc
    CLINK        = $(CC)
    C_LIB        = -lm
    C_INC        = (none)
    CFLAGS       = -O3 -fopenmp
    CLINKFLAGS   = $(CFLAGS)


 Please send all errors/feedbacks to:

 NPB Development Team
 npb@nas.nasa.gov


Tempo de execucao em segundos: 10.93419
Energia consumida em Joules:   337.30082


 NAS Parallel Benchmarks (NPB3.4-OMP) - IS Benchmark

 Size:  33554432  (class B)
 Iterations:  10
 Number of available threads:  4


   iteration
        1
        2
        3
        4
        5
        6
        7
        8
        9
        10


 IS Benchmark Completed
 Class           =                        B
 Size            =                 33554432
 Iterations      =                       10
 Time in seconds =                     1.34
 Total threads   =                        4
 Avail threads   =                        4
 Mop/s total     =                   249.48
 Mop/s/thread    =                    62.37
 Operation type  =              keys ranked
 Verification    =               SUCCESSFUL
 Version         =                      3.4
 Compile date    =              14 Jun 2019

 Compile options:
    CC           = gcc
    CLINK        = $(CC)
    C_LIB        = -lm
    C_INC        = (none)
    CFLAGS       = -O3 -fopenmp
    CLINKFLAGS   = $(CFLAGS)


 Please send all errors/feedbacks to:

 NPB Development Team
 npb@nas.nasa.gov


Tempo de execucao em segundos: 11.56870
Energia consumida em Joules:   190.79998


 NAS Parallel Benchmarks (NPB3.4-OMP) - IS Benchmark

 Size:  33554432  (class B)
 Iterations:  10
 Number of available threads:  8


   iteration
        1
        2
        3
        4
        5
        6
        7
        8
        9
        10


 IS Benchmark Completed
 Class           =                        B
 Size            =                 33554432
 Iterations      =                       10
 Time in seconds =                     0.75
 Total threads   =                        8
 Avail threads   =                        8
 Mop/s total     =                   446.14
 Mop/s/thread    =                    55.77
 Operation type  =              keys ranked
 Verification    =               SUCCESSFUL
 Version         =                      3.4
 Compile date    =              14 Jun 2019

 Compile options:
    CC           = gcc
    CLINK        = $(CC)
    C_LIB        = -lm
    C_INC        = (none)
    CFLAGS       = -O3 -fopenmp
    CLINKFLAGS   = $(CFLAGS)


 Please send all errors/feedbacks to:

 NPB Development Team
 npb@nas.nasa.gov


Tempo de execucao em segundos: 12.41963
Energia consumida em Joules:   118.09284


 NAS Parallel Benchmarks (NPB3.4-OMP) - IS Benchmark

 Size:  33554432  (class B)
 Iterations:  10
 Number of available threads:  16


   iteration
        1
        2
        3
        4
        5
        6
        7
        8
        9
        10


 IS Benchmark Completed
 Class           =                        B
 Size            =                 33554432
 Iterations      =                       10
 Time in seconds =                     0.39
 Total threads   =                       16
 Avail threads   =                       16
 Mop/s total     =                   850.20
 Mop/s/thread    =                    53.14
 Operation type  =              keys ranked
 Verification    =               SUCCESSFUL
 Version         =                      3.4
 Compile date    =              14 Jun 2019

 Compile options:
    CC           = gcc
    CLINK        = $(CC)
    C_LIB        = -lm
    C_INC        = (none)
    CFLAGS       = -O3 -fopenmp
    CLINKFLAGS   = $(CFLAGS)


 Please send all errors/feedbacks to:

 NPB Development Team
 npb@nas.nasa.gov


Tempo de execucao em segundos: 12.93271
Energia consumida em Joules:   79.78628


 NAS Parallel Benchmarks (NPB3.4-OMP) - IS Benchmark

 Size:  33554432  (class B)
 Iterations:  10
 Number of available threads:  32


   iteration
        1
        2
        3
        4
        5
        6
        7
        8
        9
        10


 IS Benchmark Completed
 Class           =                        B
 Size            =                 33554432
 Iterations      =                       10
 Time in seconds =                     0.34
 Total threads   =                       32
 Avail threads   =                       32
 Mop/s total     =                  1000.78
 Mop/s/thread    =                    31.27
 Operation type  =              keys ranked
 Verification    =               SUCCESSFUL
 Version         =                      3.4
 Compile date    =              14 Jun 2019

 Compile options:
    CC           = gcc
    CLINK        = $(CC)
    C_LIB        = -lm
    C_INC        = (none)
    CFLAGS       = -O3 -fopenmp
    CLINKFLAGS   = $(CFLAGS)


 Please send all errors/feedbacks to:

 NPB Development Team
 npb@nas.nasa.gov


Tempo de execucao em segundos: 18.28687
Energia consumida em Joules:   61.11700
sex jun 14 19:55:44 -03 2019
