	 Running on draco4 

sex jun 14 19:58:41 -03 2019


 NAS Parallel Benchmarks (NPB3.4-OMP) - IS Benchmark

 Size:  134217728  (class C)
 Iterations:  10
 Number of available threads:  1


   iteration
        1
        2
        3
        4
        5
        6
        7
        8
        9
        10


 IS Benchmark Completed
 Class           =                        C
 Size            =                134217728
 Iterations      =                       10
 Time in seconds =                    17.87
 Total threads   =                        1
 Avail threads   =                        1
 Mop/s total     =                    75.10
 Mop/s/thread    =                    75.10
 Operation type  =              keys ranked
 Verification    =               SUCCESSFUL
 Version         =                      3.4
 Compile date    =              14 Jun 2019

 Compile options:
    CC           = gcc
    CLINK        = $(CC)
    C_LIB        = -lm
    C_INC        = (none)
    CFLAGS       = -O3 -fopenmp
    CLINKFLAGS   = $(CFLAGS)


 Please send all errors/feedbacks to:

 NPB Development Team
 npb@nas.nasa.gov


Tempo de execucao em segundos: 42.90281
Energia consumida em Joules:   2652.98647


 NAS Parallel Benchmarks (NPB3.4-OMP) - IS Benchmark

 Size:  134217728  (class C)
 Iterations:  10
 Number of available threads:  2


   iteration
        1
        2
        3
        4
        5
        6
        7
        8
        9
        10


 IS Benchmark Completed
 Class           =                        C
 Size            =                134217728
 Iterations      =                       10
 Time in seconds =                    11.03
 Total threads   =                        2
 Avail threads   =                        2
 Mop/s total     =                   121.70
 Mop/s/thread    =                    60.85
 Operation type  =              keys ranked
 Verification    =               SUCCESSFUL
 Version         =                      3.4
 Compile date    =              14 Jun 2019

 Compile options:
    CC           = gcc
    CLINK        = $(CC)
    C_LIB        = -lm
    C_INC        = (none)
    CFLAGS       = -O3 -fopenmp
    CLINKFLAGS   = $(CFLAGS)


 Please send all errors/feedbacks to:

 NPB Development Team
 npb@nas.nasa.gov


Tempo de execucao em segundos: 46.33944
Energia consumida em Joules:   1690.47582


 NAS Parallel Benchmarks (NPB3.4-OMP) - IS Benchmark

 Size:  134217728  (class C)
 Iterations:  10
 Number of available threads:  4


   iteration
        1
        2
        3
        4
        5
        6
        7
        8
        9
        10


 IS Benchmark Completed
 Class           =                        C
 Size            =                134217728
 Iterations      =                       10
 Time in seconds =                     5.79
 Total threads   =                        4
 Avail threads   =                        4
 Mop/s total     =                   231.75
 Mop/s/thread    =                    57.94
 Operation type  =              keys ranked
 Verification    =               SUCCESSFUL
 Version         =                      3.4
 Compile date    =              14 Jun 2019

 Compile options:
    CC           = gcc
    CLINK        = $(CC)
    C_LIB        = -lm
    C_INC        = (none)
    CFLAGS       = -O3 -fopenmp
    CLINKFLAGS   = $(CFLAGS)


 Please send all errors/feedbacks to:

 NPB Development Team
 npb@nas.nasa.gov


Tempo de execucao em segundos: 48.41953
Energia consumida em Joules:   975.09664


 NAS Parallel Benchmarks (NPB3.4-OMP) - IS Benchmark

 Size:  134217728  (class C)
 Iterations:  10
 Number of available threads:  8


   iteration
        1
        2
        3
        4
        5
        6
        7
        8
        9
        10


 IS Benchmark Completed
 Class           =                        C
 Size            =                134217728
 Iterations      =                       10
 Time in seconds =                     2.95
 Total threads   =                        8
 Avail threads   =                        8
 Mop/s total     =                   454.55
 Mop/s/thread    =                    56.82
 Operation type  =              keys ranked
 Verification    =               SUCCESSFUL
 Version         =                      3.4
 Compile date    =              14 Jun 2019

 Compile options:
    CC           = gcc
    CLINK        = $(CC)
    C_LIB        = -lm
    C_INC        = (none)
    CFLAGS       = -O3 -fopenmp
    CLINKFLAGS   = $(CFLAGS)


 Please send all errors/feedbacks to:

 NPB Development Team
 npb@nas.nasa.gov


Tempo de execucao em segundos: 50.37837
Energia consumida em Joules:   595.05580


 NAS Parallel Benchmarks (NPB3.4-OMP) - IS Benchmark

 Size:  134217728  (class C)
 Iterations:  10
 Number of available threads:  16


   iteration
        1
        2
        3
        4
        5
        6
        7
        8
        9
        10


 IS Benchmark Completed
 Class           =                        C
 Size            =                134217728
 Iterations      =                       10
 Time in seconds =                     1.70
 Total threads   =                       16
 Avail threads   =                       16
 Mop/s total     =                   791.41
 Mop/s/thread    =                    49.46
 Operation type  =              keys ranked
 Verification    =               SUCCESSFUL
 Version         =                      3.4
 Compile date    =              14 Jun 2019

 Compile options:
    CC           = gcc
    CLINK        = $(CC)
    C_LIB        = -lm
    C_INC        = (none)
    CFLAGS       = -O3 -fopenmp
    CLINKFLAGS   = $(CFLAGS)


 Please send all errors/feedbacks to:

 NPB Development Team
 npb@nas.nasa.gov


Tempo de execucao em segundos: 54.51385
Energia consumida em Joules:   441.06600


 NAS Parallel Benchmarks (NPB3.4-OMP) - IS Benchmark

 Size:  134217728  (class C)
 Iterations:  10
 Number of available threads:  32


   iteration
        1
        2
        3
        4
        5
        6
        7
        8
        9
        10


 IS Benchmark Completed
 Class           =                        C
 Size            =                134217728
 Iterations      =                       10
 Time in seconds =                     1.57
 Total threads   =                       32
 Avail threads   =                       32
 Mop/s total     =                   854.09
 Mop/s/thread    =                    26.69
 Operation type  =              keys ranked
 Verification    =               SUCCESSFUL
 Version         =                      3.4
 Compile date    =              14 Jun 2019

 Compile options:
    CC           = gcc
    CLINK        = $(CC)
    C_LIB        = -lm
    C_INC        = (none)
    CFLAGS       = -O3 -fopenmp
    CLINKFLAGS   = $(CFLAGS)


 Please send all errors/feedbacks to:

 NPB Development Team
 npb@nas.nasa.gov


Tempo de execucao em segundos: 81.31997
Energia consumida em Joules:   355.98432
sex jun 14 20:00:13 -03 2019
