	 Running on draco2 

sex jun 14 19:58:48 -03 2019


 NAS Parallel Benchmarks (NPB3.4-OMP) - IS Benchmark

 Size:  33554432  (class B)
 Iterations:  10
 Number of available threads:  1


   iteration
        1
        2
        3
        4
        5
        6
        7
        8
        9
        10


 IS Benchmark Completed
 Class           =                        B
 Size            =                 33554432
 Iterations      =                       10
 Time in seconds =                     4.27
 Total threads   =                        1
 Avail threads   =                        1
 Mop/s total     =                    78.58
 Mop/s/thread    =                    78.58
 Operation type  =              keys ranked
 Verification    =               SUCCESSFUL
 Version         =                      3.4
 Compile date    =              14 Jun 2019

 Compile options:
    CC           = gcc
    CLINK        = $(CC)
    C_LIB        = -lm
    C_INC        = (none)
    CFLAGS       = -O3 -fopenmp
    CLINKFLAGS   = $(CFLAGS)


 Please send all errors/feedbacks to:

 NPB Development Team
 npb@nas.nasa.gov


Tempo de execucao em segundos: 9.99442
Energia consumida em Joules:   532.97958


 NAS Parallel Benchmarks (NPB3.4-OMP) - IS Benchmark

 Size:  33554432  (class B)
 Iterations:  10
 Number of available threads:  2


   iteration
        1
        2
        3
        4
        5
        6
        7
        8
        9
        10


 IS Benchmark Completed
 Class           =                        B
 Size            =                 33554432
 Iterations      =                       10
 Time in seconds =                     2.53
 Total threads   =                        2
 Avail threads   =                        2
 Mop/s total     =                   132.46
 Mop/s/thread    =                    66.23
 Operation type  =              keys ranked
 Verification    =               SUCCESSFUL
 Version         =                      3.4
 Compile date    =              14 Jun 2019

 Compile options:
    CC           = gcc
    CLINK        = $(CC)
    C_LIB        = -lm
    C_INC        = (none)
    CFLAGS       = -O3 -fopenmp
    CLINKFLAGS   = $(CFLAGS)


 Please send all errors/feedbacks to:

 NPB Development Team
 npb@nas.nasa.gov


Tempo de execucao em segundos: 10.96229
Energia consumida em Joules:   350.52910


 NAS Parallel Benchmarks (NPB3.4-OMP) - IS Benchmark

 Size:  33554432  (class B)
 Iterations:  10
 Number of available threads:  4


   iteration
        1
        2
        3
        4
        5
        6
        7
        8
        9
        10


 IS Benchmark Completed
 Class           =                        B
 Size            =                 33554432
 Iterations      =                       10
 Time in seconds =                     1.33
 Total threads   =                        4
 Avail threads   =                        4
 Mop/s total     =                   251.80
 Mop/s/thread    =                    62.95
 Operation type  =              keys ranked
 Verification    =               SUCCESSFUL
 Version         =                      3.4
 Compile date    =              14 Jun 2019

 Compile options:
    CC           = gcc
    CLINK        = $(CC)
    C_LIB        = -lm
    C_INC        = (none)
    CFLAGS       = -O3 -fopenmp
    CLINKFLAGS   = $(CFLAGS)


 Please send all errors/feedbacks to:

 NPB Development Team
 npb@nas.nasa.gov


Tempo de execucao em segundos: 11.50675
Energia consumida em Joules:   -65335.74223


 NAS Parallel Benchmarks (NPB3.4-OMP) - IS Benchmark

 Size:  33554432  (class B)
 Iterations:  10
 Number of available threads:  8


   iteration
        1
        2
        3
        4
        5
        6
        7
        8
        9
        10


 IS Benchmark Completed
 Class           =                        B
 Size            =                 33554432
 Iterations      =                       10
 Time in seconds =                     0.74
 Total threads   =                        8
 Avail threads   =                        8
 Mop/s total     =                   453.00
 Mop/s/thread    =                    56.63
 Operation type  =              keys ranked
 Verification    =               SUCCESSFUL
 Version         =                      3.4
 Compile date    =              14 Jun 2019

 Compile options:
    CC           = gcc
    CLINK        = $(CC)
    C_LIB        = -lm
    C_INC        = (none)
    CFLAGS       = -O3 -fopenmp
    CLINKFLAGS   = $(CFLAGS)


 Please send all errors/feedbacks to:

 NPB Development Team
 npb@nas.nasa.gov


Tempo de execucao em segundos: 12.34924
Energia consumida em Joules:   122.01849


 NAS Parallel Benchmarks (NPB3.4-OMP) - IS Benchmark

 Size:  33554432  (class B)
 Iterations:  10
 Number of available threads:  16


   iteration
        1
        2
        3
        4
        5
        6
        7
        8
        9
        10


 IS Benchmark Completed
 Class           =                        B
 Size            =                 33554432
 Iterations      =                       10
 Time in seconds =                     0.39
 Total threads   =                       16
 Avail threads   =                       16
 Mop/s total     =                   852.51
 Mop/s/thread    =                    53.28
 Operation type  =              keys ranked
 Verification    =               SUCCESSFUL
 Version         =                      3.4
 Compile date    =              14 Jun 2019

 Compile options:
    CC           = gcc
    CLINK        = $(CC)
    C_LIB        = -lm
    C_INC        = (none)
    CFLAGS       = -O3 -fopenmp
    CLINKFLAGS   = $(CFLAGS)


 Please send all errors/feedbacks to:

 NPB Development Team
 npb@nas.nasa.gov


Tempo de execucao em segundos: 12.88385
Energia consumida em Joules:   83.39492


 NAS Parallel Benchmarks (NPB3.4-OMP) - IS Benchmark

 Size:  33554432  (class B)
 Iterations:  10
 Number of available threads:  32


   iteration
        1
        2
        3
        4
        5
        6
        7
        8
        9
        10


 IS Benchmark Completed
 Class           =                        B
 Size            =                 33554432
 Iterations      =                       10
 Time in seconds =                     0.34
 Total threads   =                       32
 Avail threads   =                       32
 Mop/s total     =                   985.92
 Mop/s/thread    =                    30.81
 Operation type  =              keys ranked
 Verification    =               SUCCESSFUL
 Version         =                      3.4
 Compile date    =              14 Jun 2019

 Compile options:
    CC           = gcc
    CLINK        = $(CC)
    C_LIB        = -lm
    C_INC        = (none)
    CFLAGS       = -O3 -fopenmp
    CLINKFLAGS   = $(CFLAGS)


 Please send all errors/feedbacks to:

 NPB Development Team
 npb@nas.nasa.gov


Tempo de execucao em segundos: 18.48176
Energia consumida em Joules:   65.56869
sex jun 14 19:59:10 -03 2019
