	 Running on draco3 

sex jun 14 20:20:48 -03 2019


 NAS Parallel Benchmarks (NPB3.4-OMP) - IS Benchmark

 Size:  33554432  (class B)
 Iterations:  10
 Number of available threads:  1


   iteration
        1
        2
        3
        4
        5
        6
        7
        8
        9
        10


 IS Benchmark Completed
 Class           =                        B
 Size            =                 33554432
 Iterations      =                       10
 Time in seconds =                     4.29
 Total threads   =                        1
 Avail threads   =                        1
 Mop/s total     =                    78.24
 Mop/s/thread    =                    78.24
 Operation type  =              keys ranked
 Verification    =               SUCCESSFUL
 Version         =                      3.4
 Compile date    =              14 Jun 2019

 Compile options:
    CC           = gcc
    CLINK        = $(CC)
    C_LIB        = -lm
    C_INC        = (none)
    CFLAGS       = -O3 -fopenmp
    CLINKFLAGS   = $(CFLAGS)


 Please send all errors/feedbacks to:

 NPB Development Team
 npb@nas.nasa.gov


Tempo de execucao em segundos: 10.01682
Energia consumida em Joules:   513.80490


 NAS Parallel Benchmarks (NPB3.4-OMP) - IS Benchmark

 Size:  33554432  (class B)
 Iterations:  10
 Number of available threads:  2


   iteration
        1
        2
        3
        4
        5
        6
        7
        8
        9
        10


 IS Benchmark Completed
 Class           =                        B
 Size            =                 33554432
 Iterations      =                       10
 Time in seconds =                     2.53
 Total threads   =                        2
 Avail threads   =                        2
 Mop/s total     =                   132.53
 Mop/s/thread    =                    66.26
 Operation type  =              keys ranked
 Verification    =               SUCCESSFUL
 Version         =                      3.4
 Compile date    =              14 Jun 2019

 Compile options:
    CC           = gcc
    CLINK        = $(CC)
    C_LIB        = -lm
    C_INC        = (none)
    CFLAGS       = -O3 -fopenmp
    CLINKFLAGS   = $(CFLAGS)


 Please send all errors/feedbacks to:

 NPB Development Team
 npb@nas.nasa.gov


Tempo de execucao em segundos: 10.95258
Energia consumida em Joules:   336.84350


 NAS Parallel Benchmarks (NPB3.4-OMP) - IS Benchmark

 Size:  33554432  (class B)
 Iterations:  10
 Number of available threads:  4


   iteration
        1
        2
        3
        4
        5
        6
        7
        8
        9
        10


 IS Benchmark Completed
 Class           =                        B
 Size            =                 33554432
 Iterations      =                       10
 Time in seconds =                     1.33
 Total threads   =                        4
 Avail threads   =                        4
 Mop/s total     =                   251.36
 Mop/s/thread    =                    62.84
 Operation type  =              keys ranked
 Verification    =               SUCCESSFUL
 Version         =                      3.4
 Compile date    =              14 Jun 2019

 Compile options:
    CC           = gcc
    CLINK        = $(CC)
    C_LIB        = -lm
    C_INC        = (none)
    CFLAGS       = -O3 -fopenmp
    CLINKFLAGS   = $(CFLAGS)


 Please send all errors/feedbacks to:

 NPB Development Team
 npb@nas.nasa.gov


Tempo de execucao em segundos: 11.50606
Energia consumida em Joules:   189.15262


 NAS Parallel Benchmarks (NPB3.4-OMP) - IS Benchmark

 Size:  33554432  (class B)
 Iterations:  10
 Number of available threads:  8


   iteration
        1
        2
        3
        4
        5
        6
        7
        8
        9
        10


 IS Benchmark Completed
 Class           =                        B
 Size            =                 33554432
 Iterations      =                       10
 Time in seconds =                     0.74
 Total threads   =                        8
 Avail threads   =                        8
 Mop/s total     =                   452.53
 Mop/s/thread    =                    56.57
 Operation type  =              keys ranked
 Verification    =               SUCCESSFUL
 Version         =                      3.4
 Compile date    =              14 Jun 2019

 Compile options:
    CC           = gcc
    CLINK        = $(CC)
    C_LIB        = -lm
    C_INC        = (none)
    CFLAGS       = -O3 -fopenmp
    CLINKFLAGS   = $(CFLAGS)


 Please send all errors/feedbacks to:

 NPB Development Team
 npb@nas.nasa.gov


Tempo de execucao em segundos: 12.37083
Energia consumida em Joules:   116.40533


 NAS Parallel Benchmarks (NPB3.4-OMP) - IS Benchmark

 Size:  33554432  (class B)
 Iterations:  10
 Number of available threads:  16


   iteration
        1
        2
        3
        4
        5
        6
        7
        8
        9
        10


 IS Benchmark Completed
 Class           =                        B
 Size            =                 33554432
 Iterations      =                       10
 Time in seconds =                     0.40
 Total threads   =                       16
 Avail threads   =                       16
 Mop/s total     =                   848.80
 Mop/s/thread    =                    53.05
 Operation type  =              keys ranked
 Verification    =               SUCCESSFUL
 Version         =                      3.4
 Compile date    =              14 Jun 2019

 Compile options:
    CC           = gcc
    CLINK        = $(CC)
    C_LIB        = -lm
    C_INC        = (none)
    CFLAGS       = -O3 -fopenmp
    CLINKFLAGS   = $(CFLAGS)


 Please send all errors/feedbacks to:

 NPB Development Team
 npb@nas.nasa.gov


Tempo de execucao em segundos: 12.93774
Energia consumida em Joules:   79.50291


 NAS Parallel Benchmarks (NPB3.4-OMP) - IS Benchmark

 Size:  33554432  (class B)
 Iterations:  10
 Number of available threads:  32


   iteration
        1
        2
        3
        4
        5
        6
        7
        8
        9
        10


 IS Benchmark Completed
 Class           =                        B
 Size            =                 33554432
 Iterations      =                       10
 Time in seconds =                     0.34
 Total threads   =                       32
 Avail threads   =                       32
 Mop/s total     =                   987.57
 Mop/s/thread    =                    30.86
 Operation type  =              keys ranked
 Verification    =               SUCCESSFUL
 Version         =                      3.4
 Compile date    =              14 Jun 2019

 Compile options:
    CC           = gcc
    CLINK        = $(CC)
    C_LIB        = -lm
    C_INC        = (none)
    CFLAGS       = -O3 -fopenmp
    CLINKFLAGS   = $(CFLAGS)


 Please send all errors/feedbacks to:

 NPB Development Team
 npb@nas.nasa.gov


Tempo de execucao em segundos: 18.47116
Energia consumida em Joules:   62.02661
sex jun 14 20:21:10 -03 2019
