	 Running on draco2 

sex jun 14 20:23:00 -03 2019


 NAS Parallel Benchmarks (NPB3.4-OMP) - IS Benchmark

 Size:  8388608  (class A)
 Iterations:  10
 Number of available threads:  1


   iteration
        1
        2
        3
        4
        5
        6
        7
        8
        9
        10


 IS Benchmark Completed
 Class           =                        A
 Size            =                  8388608
 Iterations      =                       10
 Time in seconds =                     1.05
 Total threads   =                        1
 Avail threads   =                        1
 Mop/s total     =                    79.72
 Mop/s/thread    =                    79.72
 Operation type  =              keys ranked
 Verification    =               SUCCESSFUL
 Version         =                      3.4
 Compile date    =              14 Jun 2019

 Compile options:
    CC           = gcc
    CLINK        = $(CC)
    C_LIB        = -lm
    C_INC        = (none)
    CFLAGS       = -O3 -fopenmp
    CLINKFLAGS   = $(CFLAGS)


 Please send all errors/feedbacks to:

 NPB Development Team
 npb@nas.nasa.gov


Tempo de execucao em segundos: 2.43694
Energia consumida em Joules:   130.56175


 NAS Parallel Benchmarks (NPB3.4-OMP) - IS Benchmark

 Size:  8388608  (class A)
 Iterations:  10
 Number of available threads:  2


   iteration
        1
        2
        3
        4
        5
        6
        7
        8
        9
        10


 IS Benchmark Completed
 Class           =                        A
 Size            =                  8388608
 Iterations      =                       10
 Time in seconds =                     0.67
 Total threads   =                        2
 Avail threads   =                        2
 Mop/s total     =                   124.44
 Mop/s/thread    =                    62.22
 Operation type  =              keys ranked
 Verification    =               SUCCESSFUL
 Version         =                      3.4
 Compile date    =              14 Jun 2019

 Compile options:
    CC           = gcc
    CLINK        = $(CC)
    C_LIB        = -lm
    C_INC        = (none)
    CFLAGS       = -O3 -fopenmp
    CLINKFLAGS   = $(CFLAGS)


 Please send all errors/feedbacks to:

 NPB Development Team
 npb@nas.nasa.gov


Tempo de execucao em segundos: 2.79160
Energia consumida em Joules:   89.33399


 NAS Parallel Benchmarks (NPB3.4-OMP) - IS Benchmark

 Size:  8388608  (class A)
 Iterations:  10
 Number of available threads:  4


   iteration
        1
        2
        3
        4
        5
        6
        7
        8
        9
        10


 IS Benchmark Completed
 Class           =                        A
 Size            =                  8388608
 Iterations      =                       10
 Time in seconds =                     0.34
 Total threads   =                        4
 Avail threads   =                        4
 Mop/s total     =                   248.04
 Mop/s/thread    =                    62.01
 Operation type  =              keys ranked
 Verification    =               SUCCESSFUL
 Version         =                      3.4
 Compile date    =              14 Jun 2019

 Compile options:
    CC           = gcc
    CLINK        = $(CC)
    C_LIB        = -lm
    C_INC        = (none)
    CFLAGS       = -O3 -fopenmp
    CLINKFLAGS   = $(CFLAGS)


 Please send all errors/feedbacks to:

 NPB Development Team
 npb@nas.nasa.gov


Tempo de execucao em segundos: 2.85310
Energia consumida em Joules:   49.06317


 NAS Parallel Benchmarks (NPB3.4-OMP) - IS Benchmark

 Size:  8388608  (class A)
 Iterations:  10
 Number of available threads:  8


   iteration
        1
        2
        3
        4
        5
        6
        7
        8
        9
        10


 IS Benchmark Completed
 Class           =                        A
 Size            =                  8388608
 Iterations      =                       10
 Time in seconds =                     0.19
 Total threads   =                        8
 Avail threads   =                        8
 Mop/s total     =                   435.50
 Mop/s/thread    =                    54.44
 Operation type  =              keys ranked
 Verification    =               SUCCESSFUL
 Version         =                      3.4
 Compile date    =              14 Jun 2019

 Compile options:
    CC           = gcc
    CLINK        = $(CC)
    C_LIB        = -lm
    C_INC        = (none)
    CFLAGS       = -O3 -fopenmp
    CLINKFLAGS   = $(CFLAGS)


 Please send all errors/feedbacks to:

 NPB Development Team
 npb@nas.nasa.gov


Tempo de execucao em segundos: 3.10789
Energia consumida em Joules:   31.04704


 NAS Parallel Benchmarks (NPB3.4-OMP) - IS Benchmark

 Size:  8388608  (class A)
 Iterations:  10
 Number of available threads:  16


   iteration
        1
        2
        3
        4
        5
        6
        7
        8
        9
        10


 IS Benchmark Completed
 Class           =                        A
 Size            =                  8388608
 Iterations      =                       10
 Time in seconds =                     0.10
 Total threads   =                       16
 Avail threads   =                       16
 Mop/s total     =                   860.57
 Mop/s/thread    =                    53.79
 Operation type  =              keys ranked
 Verification    =               SUCCESSFUL
 Version         =                      3.4
 Compile date    =              14 Jun 2019

 Compile options:
    CC           = gcc
    CLINK        = $(CC)
    C_LIB        = -lm
    C_INC        = (none)
    CFLAGS       = -O3 -fopenmp
    CLINKFLAGS   = $(CFLAGS)


 Please send all errors/feedbacks to:

 NPB Development Team
 npb@nas.nasa.gov


Tempo de execucao em segundos: 3.16720
Energia consumida em Joules:   20.49053


 NAS Parallel Benchmarks (NPB3.4-OMP) - IS Benchmark

 Size:  8388608  (class A)
 Iterations:  10
 Number of available threads:  32


   iteration
        1
        2
        3
        4
        5
        6
        7
        8
        9
        10


 IS Benchmark Completed
 Class           =                        A
 Size            =                  8388608
 Iterations      =                       10
 Time in seconds =                     0.08
 Total threads   =                       32
 Avail threads   =                       32
 Mop/s total     =                  1073.88
 Mop/s/thread    =                    33.56
 Operation type  =              keys ranked
 Verification    =               SUCCESSFUL
 Version         =                      3.4
 Compile date    =              14 Jun 2019

 Compile options:
    CC           = gcc
    CLINK        = $(CC)
    C_LIB        = -lm
    C_INC        = (none)
    CFLAGS       = -O3 -fopenmp
    CLINKFLAGS   = $(CFLAGS)


 Please send all errors/feedbacks to:

 NPB Development Team
 npb@nas.nasa.gov


Tempo de execucao em segundos: 4.38601
Energia consumida em Joules:   15.97214
sex jun 14 20:23:06 -03 2019
