	 Running on draco4 

sex jun 14 20:31:32 -03 2019


 NAS Parallel Benchmarks (NPB3.4-OMP) - IS Benchmark

 Size:  33554432  (class B)
 Iterations:  10
 Number of available threads:  1


   iteration
        1
        2
        3
        4
        5
        6
        7
        8
        9
        10


 IS Benchmark Completed
 Class           =                        B
 Size            =                 33554432
 Iterations      =                       10
 Time in seconds =                     4.26
 Total threads   =                        1
 Avail threads   =                        1
 Mop/s total     =                    78.77
 Mop/s/thread    =                    78.77
 Operation type  =              keys ranked
 Verification    =               SUCCESSFUL
 Version         =                      3.4
 Compile date    =              14 Jun 2019

 Compile options:
    CC           = gcc
    CLINK        = $(CC)
    C_LIB        = -lm
    C_INC        = (none)
    CFLAGS       = -O3 -fopenmp
    CLINKFLAGS   = $(CFLAGS)


 Please send all errors/feedbacks to:

 NPB Development Team
 npb@nas.nasa.gov


Tempo de execucao em segundos: 9.98566
Energia consumida em Joules:   607.58487


 NAS Parallel Benchmarks (NPB3.4-OMP) - IS Benchmark

 Size:  33554432  (class B)
 Iterations:  10
 Number of available threads:  2


   iteration
        1
        2
        3
        4
        5
        6
        7
        8
        9
        10


 IS Benchmark Completed
 Class           =                        B
 Size            =                 33554432
 Iterations      =                       10
 Time in seconds =                     2.67
 Total threads   =                        2
 Avail threads   =                        2
 Mop/s total     =                   125.82
 Mop/s/thread    =                    62.91
 Operation type  =              keys ranked
 Verification    =               SUCCESSFUL
 Version         =                      3.4
 Compile date    =              14 Jun 2019

 Compile options:
    CC           = gcc
    CLINK        = $(CC)
    C_LIB        = -lm
    C_INC        = (none)
    CFLAGS       = -O3 -fopenmp
    CLINKFLAGS   = $(CFLAGS)


 Please send all errors/feedbacks to:

 NPB Development Team
 npb@nas.nasa.gov


Tempo de execucao em segundos: 11.04564
Energia consumida em Joules:   405.67064


 NAS Parallel Benchmarks (NPB3.4-OMP) - IS Benchmark

 Size:  33554432  (class B)
 Iterations:  10
 Number of available threads:  4


   iteration
        1
        2
        3
        4
        5
        6
        7
        8
        9
        10


 IS Benchmark Completed
 Class           =                        B
 Size            =                 33554432
 Iterations      =                       10
 Time in seconds =                     1.35
 Total threads   =                        4
 Avail threads   =                        4
 Mop/s total     =                   248.64
 Mop/s/thread    =                    62.16
 Operation type  =              keys ranked
 Verification    =               SUCCESSFUL
 Version         =                      3.4
 Compile date    =              14 Jun 2019

 Compile options:
    CC           = gcc
    CLINK        = $(CC)
    C_LIB        = -lm
    C_INC        = (none)
    CFLAGS       = -O3 -fopenmp
    CLINKFLAGS   = $(CFLAGS)


 Please send all errors/feedbacks to:

 NPB Development Team
 npb@nas.nasa.gov


Tempo de execucao em segundos: 11.58676
Energia consumida em Joules:   230.71195


 NAS Parallel Benchmarks (NPB3.4-OMP) - IS Benchmark

 Size:  33554432  (class B)
 Iterations:  10
 Number of available threads:  8


   iteration
        1
        2
        3
        4
        5
        6
        7
        8
        9
        10


 IS Benchmark Completed
 Class           =                        B
 Size            =                 33554432
 Iterations      =                       10
 Time in seconds =                     0.74
 Total threads   =                        8
 Avail threads   =                        8
 Mop/s total     =                   451.45
 Mop/s/thread    =                    56.43
 Operation type  =              keys ranked
 Verification    =               SUCCESSFUL
 Version         =                      3.4
 Compile date    =              14 Jun 2019

 Compile options:
    CC           = gcc
    CLINK        = $(CC)
    C_LIB        = -lm
    C_INC        = (none)
    CFLAGS       = -O3 -fopenmp
    CLINKFLAGS   = $(CFLAGS)


 Please send all errors/feedbacks to:

 NPB Development Team
 npb@nas.nasa.gov


Tempo de execucao em segundos: 12.38666
Energia consumida em Joules:   146.42632


 NAS Parallel Benchmarks (NPB3.4-OMP) - IS Benchmark

 Size:  33554432  (class B)
 Iterations:  10
 Number of available threads:  16


   iteration
        1
        2
        3
        4
        5
        6
        7
        8
        9
        10


 IS Benchmark Completed
 Class           =                        B
 Size            =                 33554432
 Iterations      =                       10
 Time in seconds =                     0.39
 Total threads   =                       16
 Avail threads   =                       16
 Mop/s total     =                   853.08
 Mop/s/thread    =                    53.32
 Operation type  =              keys ranked
 Verification    =               SUCCESSFUL
 Version         =                      3.4
 Compile date    =              14 Jun 2019

 Compile options:
    CC           = gcc
    CLINK        = $(CC)
    C_LIB        = -lm
    C_INC        = (none)
    CFLAGS       = -O3 -fopenmp
    CLINKFLAGS   = $(CFLAGS)


 Please send all errors/feedbacks to:

 NPB Development Team
 npb@nas.nasa.gov


Tempo de execucao em segundos: 12.93388
Energia consumida em Joules:   102.90584


 NAS Parallel Benchmarks (NPB3.4-OMP) - IS Benchmark

 Size:  33554432  (class B)
 Iterations:  10
 Number of available threads:  32


   iteration
        1
        2
        3
        4
        5
        6
        7
        8
        9
        10


 IS Benchmark Completed
 Class           =                        B
 Size            =                 33554432
 Iterations      =                       10
 Time in seconds =                     0.33
 Total threads   =                       32
 Avail threads   =                       32
 Mop/s total     =                  1004.06
 Mop/s/thread    =                    31.38
 Operation type  =              keys ranked
 Verification    =               SUCCESSFUL
 Version         =                      3.4
 Compile date    =              14 Jun 2019

 Compile options:
    CC           = gcc
    CLINK        = $(CC)
    C_LIB        = -lm
    C_INC        = (none)
    CFLAGS       = -O3 -fopenmp
    CLINKFLAGS   = $(CFLAGS)


 Please send all errors/feedbacks to:

 NPB Development Team
 npb@nas.nasa.gov


Tempo de execucao em segundos: 18.21846
Energia consumida em Joules:   79.26922
sex jun 14 20:31:54 -03 2019
